<?xml version="1.0" encoding="UTF-8"?>
<!-- Generated by org.testng.reporters.JUnitReportReporter -->
<testsuite hostname="Ayushs-MacBook-Pro.local" name="com.kaiser.module.test.KaiserTest" tests="1" failures="0" timestamp="15 Aug 2017 17:42:21 GMT" time="54.536" errors="0">
  <testcase name="testKaiser" time="54.536" classname="com.kaiser.module.test.KaiserTest"/>
</testsuite> <!-- com.kaiser.module.test.KaiserTest -->
